<component name="libraryTable">
  <library name="junit-platform-console-standalone-1.8.2">
    <CLASSES>
      <root url="jar://$PROJECT_DIR$/tests_backup/junit-platform-console-standalone-1.8.2.jar!/" />
    </CLASSES>
    <JAVADOC />
    <SOURCES>
      <root url="file://$PROJECT_DIR$/../apache-poi-src-5.4.1-20250401/osgi/src/main/java" />
      <root url="file://$PROJECT_DIR$/../apache-poi-src-5.4.1-20250401/osgi/src/test/java" />
      <root url="file://$PROJECT_DIR$/../apache-poi-src-5.4.1-20250401/poi-examples/src/main/java" />
      <root url="file://$PROJECT_DIR$/../apache-poi-src-5.4.1-20250401/poi-examples/src/main/ruby/java" />
      <root url="file://$PROJECT_DIR$/../apache-poi-src-5.4.1-20250401/poi-examples/src/test/java" />
      <root url="file://$PROJECT_DIR$/../apache-poi-src-5.4.1-20250401/poi-excelant/src/main/java" />
      <root url="file://$PROJECT_DIR$/../apache-poi-src-5.4.1-20250401/poi-excelant/src/poi-ant-contrib/java" />
      <root url="file://$PROJECT_DIR$/../apache-poi-src-5.4.1-20250401/poi-excelant/src/test/java" />
      <root url="file://$PROJECT_DIR$/../apache-poi-src-5.4.1-20250401/poi-integration/src/test/java" />
      <root url="file://$PROJECT_DIR$/../apache-poi-src-5.4.1-20250401/poi-ooxml-lite-agent/src/main/java" />
      <root url="file://$PROJECT_DIR$/../apache-poi-src-5.4.1-20250401/poi-ooxml/src/main/java" />
      <root url="file://$PROJECT_DIR$/../apache-poi-src-5.4.1-20250401/poi-ooxml/src/test/java" />
      <root url="file://$PROJECT_DIR$/../apache-poi-src-5.4.1-20250401/poi-scratchpad/src/main/java" />
      <root url="file://$PROJECT_DIR$/../apache-poi-src-5.4.1-20250401/poi-scratchpad/src/test/java" />
      <root url="file://$PROJECT_DIR$/../apache-poi-src-5.4.1-20250401/poi/src/main/java" />
      <root url="file://$PROJECT_DIR$/../apache-poi-src-5.4.1-20250401/poi/src/test/java" />
    </SOURCES>
  </library>
</component>